

/*
	Generated by the Particle Editor.
	To use the particle editor, launch the game and type 'editParticles' on the console.
*/
particle oil_fire {
	{
		count				50
		material			textures/particles/barrelpoof_sort
		time				50.000
		cycles				0.000
		bunching			1.000
		distribution		rect 100.000 100.000 1.000 
		direction			cone "0.000" 
		orientation			view 
		speed				 "1.000"  to "-200.000"
		size				 "108.000"  to "2000.000"
		aspect				 "1.000" 
		rotation				 "1.000"  to "3.000"
		randomDistribution				1
		boundsExpansion				0.000
		fadeIn				0.250
		fadeOut				1.000
		fadeIndex				0.000
		color 				0.082 0.086 0.098 1.000
		fadeColor 			0.070 0.070 0.090 0.000
		offset 				0.000 0.000 30.000
		gravity 			world -4.000
	}
	{
		count				20
		material			textures/particles/rocketbacklit
		time				2.000
		cycles				0.000
		bunching			0.900
		distribution		rect 200.000 200.000 5.000 
		direction			cone "20.000" 
		orientation			view 
		speed				 "200.000"  to "20.000"
		size				 "300.000"  to "150.000"
		aspect				 "1.000"  to "0.750"
		rotation				 "50.000"  to "-50.000"
		randomDistribution				1
		boundsExpansion				0.000
		fadeIn				0.300
		fadeOut				1.000
		fadeIndex				0.000
		color 				0.540 0.070 0.040 0.500
		fadeColor 			0.000 0.000 0.000 0.000
		offset 				0.000 0.000 5.000
		gravity 			world -100.000
	}
}